<?xml version="1.0" encoding="UTF-8"?>
<!-- Generated by org.testng.reporters.JUnitReportReporter -->
<testsuite hostname="LAPTOP-TOMC2D0I" failures="0" tests="1" name="TestComponent.LoginTest" time="4.215" errors="0" timestamp="2021-06-30T18:50:38 PDT" skipped="0">
  <testcase classname="TestComponent.LoginTest" name="screen1" time="4.215"/>
  <system-out/>
</testsuite> <!-- TestComponent.LoginTest -->
