<?xml version="1.0" encoding="UTF-8"?>
<!-- Generated by org.testng.reporters.JUnitReportReporter -->
<testsuite hostname="LAPTOP-TOMC2D0I" failures="0" tests="1" name="TestComponent.DashboardTest" time="54.800" errors="0" timestamp="2021-06-29T17:50:26 PDT" skipped="0">
  <testcase classname="TestComponent.DashboardTest" name="PFdashscreen" time="54.800"/>
  <system-out/>
</testsuite> <!-- TestComponent.DashboardTest -->
