<?xml version="1.0" encoding="UTF-8"?>
<!-- Generated by org.testng.reporters.JUnitReportReporter -->
<testsuite hostname="TNQ-BCP-617" failures="0" tests="3" name="test.NewTest" time="0.017" errors="0" timestamp="2021-06-15T19:22:36 IST" skipped="0">
  <testcase classname="test.NewTest" name="myTest" time="0.003"/>
  <system-out/>
  <testcase classname="test.NewTest" name="myTest" time="0.004"/>
  <system-out/>
  <testcase classname="test.NewTest" name="myTest" time="0.010"/>
  <system-out/>
</testsuite> <!-- test.NewTest -->
